c:\users\lawliet\desktop\log\build\project_name.dir\debug\vc143.pdb
c:\users\lawliet\desktop\log\build\project_name.dir\debug\console_sink.obj
c:\users\lawliet\desktop\log\build\project_name.dir\debug\default_formatter.obj
c:\users\lawliet\desktop\log\build\project_name.dir\debug\log_msg.obj
c:\users\lawliet\desktop\log\build\project_name.dir\debug\log_handle.obj
c:\users\lawliet\desktop\log\build\project_name.dir\debug\test.obj
c:\users\lawliet\desktop\log\build\cmakefiles\generate.stamp
c:\users\lawliet\desktop\log\build\debug\project_name.exe
c:\users\lawliet\desktop\log\build\debug\project_name.pdb
c:\users\lawliet\desktop\log\build\project_name.dir\debug\project_name.ilk
c:\users\lawliet\desktop\log\build\project_name.dir\debug\project_name.tlog\cl.command.1.tlog
c:\users\lawliet\desktop\log\build\project_name.dir\debug\project_name.tlog\cl.items.tlog
c:\users\lawliet\desktop\log\build\project_name.dir\debug\project_name.tlog\cl.read.1.tlog
c:\users\lawliet\desktop\log\build\project_name.dir\debug\project_name.tlog\cl.write.1.tlog
c:\users\lawliet\desktop\log\build\project_name.dir\debug\project_name.tlog\custombuild.command.1.tlog
c:\users\lawliet\desktop\log\build\project_name.dir\debug\project_name.tlog\custombuild.read.1.tlog
c:\users\lawliet\desktop\log\build\project_name.dir\debug\project_name.tlog\custombuild.write.1.tlog
c:\users\lawliet\desktop\log\build\project_name.dir\debug\project_name.tlog\link.command.1.tlog
c:\users\lawliet\desktop\log\build\project_name.dir\debug\project_name.tlog\link.read.1.tlog
c:\users\lawliet\desktop\log\build\project_name.dir\debug\project_name.tlog\link.secondary.1.tlog
c:\users\lawliet\desktop\log\build\project_name.dir\debug\project_name.tlog\link.write.1.tlog
