c:\users\lawliet\desktop\log\build\logger.dir\debug\vc143.pdb
c:\users\lawliet\desktop\log\build\logger.dir\debug\console_sink.obj
c:\users\lawliet\desktop\log\build\logger.dir\debug\default_formatter.obj
c:\users\lawliet\desktop\log\build\logger.dir\debug\log_handle.obj
c:\users\lawliet\desktop\log\build\logger.dir\debug\test.obj
c:\users\lawliet\desktop\log\build\cmakefiles\generate.stamp
c:\users\lawliet\desktop\log\build\debug\logger.pdb
c:\users\lawliet\desktop\log\build\logger.dir\debug\logger.tlog\cl.command.1.tlog
c:\users\lawliet\desktop\log\build\logger.dir\debug\logger.tlog\cl.read.1.tlog
c:\users\lawliet\desktop\log\build\logger.dir\debug\logger.tlog\cl.write.1.tlog
c:\users\lawliet\desktop\log\build\logger.dir\debug\logger.tlog\custombuild.command.1.tlog
c:\users\lawliet\desktop\log\build\logger.dir\debug\logger.tlog\custombuild.read.1.tlog
c:\users\lawliet\desktop\log\build\logger.dir\debug\logger.tlog\custombuild.write.1.tlog
c:\users\lawliet\desktop\log\build\logger.dir\debug\logger.tlog\link-cvtres.read.1.tlog
c:\users\lawliet\desktop\log\build\logger.dir\debug\logger.tlog\link-cvtres.write.1.tlog
c:\users\lawliet\desktop\log\build\logger.dir\debug\logger.tlog\link-rc.read.1.tlog
c:\users\lawliet\desktop\log\build\logger.dir\debug\logger.tlog\link-rc.write.1.tlog
c:\users\lawliet\desktop\log\build\logger.dir\debug\logger.tlog\link.command.1.tlog
c:\users\lawliet\desktop\log\build\logger.dir\debug\logger.tlog\link.read.1.tlog
c:\users\lawliet\desktop\log\build\logger.dir\debug\logger.tlog\link.read.2.tlog
c:\users\lawliet\desktop\log\build\logger.dir\debug\logger.tlog\link.read.3.tlog
c:\users\lawliet\desktop\log\build\logger.dir\debug\logger.tlog\link.read.4.tlog
c:\users\lawliet\desktop\log\build\logger.dir\debug\logger.tlog\link.write.1.tlog
